<?xml version="1.0" encoding="UTF-8"?>
<testng-results ignored="0" total="2" passed="2" failed="0" skipped="0">
  <reporter-output>
  </reporter-output>
  <suite started-at="2026-03-21T17:53:16 IST" name="Master Suite" finished-at="2026-03-21T17:54:27 IST" duration-ms="70373">
    <groups>
      <group name="Master">
        <method signature="TC001_AccountRegistrationTest.verify_registration()[pri:0, instance:testCases.TC001_AccountRegistrationTest@4c550889]" name="verify_registration" class="testCases.TC001_AccountRegistrationTest"/>
        <method signature="TC002_LoginTest.verify_Login()[pri:0, instance:testCases.TC002_LoginTest@65fe9e33]" name="verify_Login" class="testCases.TC002_LoginTest"/>
      </group> <!-- Master -->
      <group name="Sanity">
        <method signature="TC002_LoginTest.verify_Login()[pri:0, instance:testCases.TC002_LoginTest@65fe9e33]" name="verify_Login" class="testCases.TC002_LoginTest"/>
      </group> <!-- Sanity -->
      <group name="Regression">
        <method signature="TC001_AccountRegistrationTest.verify_registration()[pri:0, instance:testCases.TC001_AccountRegistrationTest@4c550889]" name="verify_registration" class="testCases.TC001_AccountRegistrationTest"/>
      </group> <!-- Regression -->
    </groups>
    <test started-at="2026-03-21T17:53:16 IST" name="Test" finished-at="2026-03-21T17:54:27 IST" duration-ms="70373">
      <class name="testCases.TC002_LoginTest">
        <test-method is-config="true" signature="setup(java.lang.String,java.lang.String)[pri:0, instance:testCases.TC002_LoginTest@65fe9e33]" started-at="2026-03-21T17:54:03 IST" name="setup" finished-at="2026-03-21T17:54:12 IST" duration-ms="8650" status="PASS">
          <params>
            <param index="0">
              <value>
                <![CDATA[Winows]]>
              </value>
            </param>
            <param index="1">
              <value>
                <![CDATA[edge]]>
              </value>
            </param>
          </params>
          <reporter-output>
          </reporter-output>
        </test-method> <!-- setup -->
        <test-method signature="verify_Login()[pri:0, instance:testCases.TC002_LoginTest@65fe9e33]" started-at="2026-03-21T17:54:12 IST" name="verify_Login" finished-at="2026-03-21T17:54:15 IST" duration-ms="2659" status="PASS">
          <reporter-output>
          </reporter-output>
        </test-method> <!-- verify_Login -->
        <test-method is-config="true" signature="tearDown()[pri:0, instance:testCases.TC002_LoginTest@65fe9e33]" started-at="2026-03-21T17:54:15 IST" name="tearDown" finished-at="2026-03-21T17:54:27 IST" duration-ms="12033" status="PASS">
          <reporter-output>
          </reporter-output>
        </test-method> <!-- tearDown -->
      </class> <!-- testCases.TC002_LoginTest -->
      <class name="testCases.TC001_AccountRegistrationTest">
        <test-method is-config="true" signature="setup(java.lang.String,java.lang.String)[pri:0, instance:testCases.TC001_AccountRegistrationTest@4c550889]" started-at="2026-03-21T17:53:17 IST" name="setup" finished-at="2026-03-21T17:53:45 IST" duration-ms="28208" status="PASS">
          <params>
            <param index="0">
              <value>
                <![CDATA[Winows]]>
              </value>
            </param>
            <param index="1">
              <value>
                <![CDATA[edge]]>
              </value>
            </param>
          </params>
          <reporter-output>
          </reporter-output>
        </test-method> <!-- setup -->
        <test-method signature="verify_registration()[pri:0, instance:testCases.TC001_AccountRegistrationTest@4c550889]" started-at="2026-03-21T17:53:46 IST" name="verify_registration" finished-at="2026-03-21T17:53:52 IST" duration-ms="6126" status="PASS">
          <reporter-output>
          </reporter-output>
        </test-method> <!-- verify_registration -->
        <test-method is-config="true" signature="tearDown()[pri:0, instance:testCases.TC001_AccountRegistrationTest@4c550889]" started-at="2026-03-21T17:53:52 IST" name="tearDown" finished-at="2026-03-21T17:54:03 IST" duration-ms="11683" status="PASS">
          <reporter-output>
          </reporter-output>
        </test-method> <!-- tearDown -->
      </class> <!-- testCases.TC001_AccountRegistrationTest -->
    </test> <!-- Test -->
  </suite> <!-- Master Suite -->
</testng-results>
