<?xml version="1.0" encoding="UTF-8"?>
<testng-results ignored="0" total="2" passed="2" failed="0" skipped="0">
  <reporter-output>
  </reporter-output>
  <suite started-at="2026-03-20T21:01:11 IST" name="Master Suite" finished-at="2026-03-20T21:01:54 IST" duration-ms="42460">
    <groups>
      <group name="Master">
        <method signature="TC001_AccountRegistrationTest.verify_registration()[pri:0, instance:testCases.TC001_AccountRegistrationTest@4bc28c33]" name="verify_registration" class="testCases.TC001_AccountRegistrationTest"/>
        <method signature="TC002_LoginTest.verify_Login()[pri:0, instance:testCases.TC002_LoginTest@2a7686a7]" name="verify_Login" class="testCases.TC002_LoginTest"/>
      </group> <!-- Master -->
      <group name="Sanity">
        <method signature="TC002_LoginTest.verify_Login()[pri:0, instance:testCases.TC002_LoginTest@2a7686a7]" name="verify_Login" class="testCases.TC002_LoginTest"/>
      </group> <!-- Sanity -->
      <group name="Regression">
        <method signature="TC001_AccountRegistrationTest.verify_registration()[pri:0, instance:testCases.TC001_AccountRegistrationTest@4bc28c33]" name="verify_registration" class="testCases.TC001_AccountRegistrationTest"/>
      </group> <!-- Regression -->
    </groups>
    <test started-at="2026-03-20T21:01:11 IST" name="Test" finished-at="2026-03-20T21:01:54 IST" duration-ms="42460">
      <class name="testCases.TC002_LoginTest">
        <test-method is-config="true" signature="setup(java.lang.String,java.lang.String)[pri:0, instance:testCases.TC002_LoginTest@2a7686a7]" started-at="2026-03-20T21:01:34 IST" name="setup" finished-at="2026-03-20T21:01:39 IST" duration-ms="5359" status="PASS">
          <params>
            <param index="0">
              <value>
                <![CDATA[Linux]]>
              </value>
            </param>
            <param index="1">
              <value>
                <![CDATA[chrome]]>
              </value>
            </param>
          </params>
          <reporter-output>
          </reporter-output>
        </test-method> <!-- setup -->
        <test-method signature="verify_Login()[pri:0, instance:testCases.TC002_LoginTest@2a7686a7]" started-at="2026-03-20T21:01:39 IST" name="verify_Login" finished-at="2026-03-20T21:01:44 IST" duration-ms="4311" status="PASS">
          <reporter-output>
          </reporter-output>
        </test-method> <!-- verify_Login -->
        <test-method is-config="true" signature="tearDown()[pri:0, instance:testCases.TC002_LoginTest@2a7686a7]" started-at="2026-03-20T21:01:44 IST" name="tearDown" finished-at="2026-03-20T21:01:54 IST" duration-ms="10244" status="PASS">
          <reporter-output>
          </reporter-output>
        </test-method> <!-- tearDown -->
      </class> <!-- testCases.TC002_LoginTest -->
      <class name="testCases.TC001_AccountRegistrationTest">
        <test-method is-config="true" signature="setup(java.lang.String,java.lang.String)[pri:0, instance:testCases.TC001_AccountRegistrationTest@4bc28c33]" started-at="2026-03-20T21:01:12 IST" name="setup" finished-at="2026-03-20T21:01:19 IST" duration-ms="6612" status="PASS">
          <params>
            <param index="0">
              <value>
                <![CDATA[Linux]]>
              </value>
            </param>
            <param index="1">
              <value>
                <![CDATA[chrome]]>
              </value>
            </param>
          </params>
          <reporter-output>
          </reporter-output>
        </test-method> <!-- setup -->
        <test-method signature="verify_registration()[pri:0, instance:testCases.TC001_AccountRegistrationTest@4bc28c33]" started-at="2026-03-20T21:01:19 IST" name="verify_registration" finished-at="2026-03-20T21:01:24 IST" duration-ms="5041" status="PASS">
          <reporter-output>
          </reporter-output>
        </test-method> <!-- verify_registration -->
        <test-method is-config="true" signature="tearDown()[pri:0, instance:testCases.TC001_AccountRegistrationTest@4bc28c33]" started-at="2026-03-20T21:01:24 IST" name="tearDown" finished-at="2026-03-20T21:01:34 IST" duration-ms="10349" status="PASS">
          <reporter-output>
          </reporter-output>
        </test-method> <!-- tearDown -->
      </class> <!-- testCases.TC001_AccountRegistrationTest -->
    </test> <!-- Test -->
  </suite> <!-- Master Suite -->
</testng-results>
